<?xml version="1.0" encoding="UTF-8"?>
<!-- Generated by org.testng.reporters.JUnitXMLReporter -->
<testsuite hostname="Infva05407" ignored="0" name="Test1" tests="1" failures="1" timestamp="14 Jan 2019 07:25:01 GMT" time="0.006" errors="0">
  <testcase name="f" time="0.002" classname="FM.Execute">
    <failure type="java.lang.NullPointerException">
      <![CDATA[java.lang.NullPointerException
	at FM.Excel.ROWNUM(Excel.java:51)
	at FM.Execute.f(Execute.java:12)
... Removed 25 stack frames]]>
    </failure>
  </testcase> <!-- f -->
</testsuite> <!-- Test1 -->
